<?xml version="1.0" encoding="utf-8"?><testsuites name="pytest tests"><testsuite name="pytest" errors="0" failures="0" skipped="0" tests="12" time="3.499" timestamp="2026-04-25T18:17:53.360949+00:00" hostname="agent-env-037c1ebb-dd1f-4aca-a815-3d6129987b4c"><testcase classname="backend.tests.test_customers_ingest.TestCustomersCRUD" name="test_create_customer" time="2.281" /><testcase classname="backend.tests.test_customers_ingest.TestCustomersCRUD" name="test_create_customer_blank_name_400" time="0.048" /><testcase classname="backend.tests.test_customers_ingest.TestCustomersCRUD" name="test_list_customers_no_objectid" time="0.048" /><testcase classname="backend.tests.test_customers_ingest.TestCustomersCRUD" name="test_delete_unknown_returns_zero" time="0.088" /><testcase classname="backend.tests.test_customers_ingest.TestIngest" name="test_bad_api_key_401" time="0.052" /><testcase classname="backend.tests.test_customers_ingest.TestIngest" name="test_first_frame_registers_system" time="0.046" /><testcase classname="backend.tests.test_customers_ingest.TestIngest" name="test_subsequent_frame_not_newly_registered" time="0.051" /><testcase classname="backend.tests.test_customers_ingest.TestIngest" name="test_customer_counters_incremented" time="0.046" /><testcase classname="backend.tests.test_customers_ingest.TestIngest" name="test_ingested_system_in_systems_list" time="0.553" /><testcase classname="backend.tests.test_customers_ingest.TestIngest" name="test_decision_for_ingested_system" time="0.050" /><testcase classname="backend.tests.test_customers_ingest.TestIngest" name="test_builtin_systems_have_display_regime" time="0.047" /><testcase classname="backend.tests.test_customers_ingest.TestCleanup" name="test_delete_customer" time="0.100" /></testsuite></testsuites>