<?xml version="1.0" encoding="utf-8"?><testsuites name="pytest tests"><testsuite name="pytest" errors="0" failures="0" skipped="0" tests="16" time="44.217" timestamp="2026-04-25T13:32:41.324550+00:00" hostname="agent-env-037c1ebb-dd1f-4aca-a815-3d6129987b4c"><testcase classname="backend.tests.backend_test.TestRoot" name="test_root" time="0.230" /><testcase classname="backend.tests.backend_test.TestTemplates" name="test_templates" time="0.065" /><testcase classname="backend.tests.backend_test.TestPlaybackAndSystems" name="test_start_returns_running" time="15.677" /><testcase classname="backend.tests.backend_test.TestPlaybackAndSystems" name="test_systems_list" time="0.054" /><testcase classname="backend.tests.backend_test.TestPlaybackAndSystems" name="test_get_system" time="0.056" /><testcase classname="backend.tests.backend_test.TestPlaybackAndSystems" name="test_system_state" time="0.050" /><testcase classname="backend.tests.backend_test.TestPlaybackAndSystems" name="test_system_history" time="5.093" /><testcase classname="backend.tests.backend_test.TestPlaybackAndSystems" name="test_system_decision" time="15.062" /><testcase classname="backend.tests.backend_test.TestPlaybackAndSystems" name="test_speed_toggle" time="0.167" /><testcase classname="backend.tests.backend_test.TestAudit" name="test_audit_has_auto_transition" time="5.432" /><testcase classname="backend.tests.backend_test.TestAudit" name="test_audit_create_manual" time="0.306" /><testcase classname="backend.tests.backend_test.TestAudit" name="test_audit_invalid_action" time="0.051" /><testcase classname="backend.tests.backend_test.TestAudit" name="test_audit_delete_scope" time="0.818" /><testcase classname="backend.tests.backend_test.TestValidation" name="test_fd004" time="0.061" /><testcase classname="backend.tests.backend_test.TestWS" name="test_ws_stream" time="0.275" /><testcase classname="backend.tests.backend_test.TestStop" name="test_stop" time="0.681" /></testsuite></testsuites>