<?xml version="1.0" encoding="utf-8"?><testsuites name="pytest tests"><testsuite name="pytest" errors="0" failures="1" skipped="0" tests="15" time="43.377" timestamp="2026-04-25T18:18:01.282635+00:00" hostname="agent-env-037c1ebb-dd1f-4aca-a815-3d6129987b4c"><testcase classname="backend.tests.backend_test.TestRoot" name="test_root" time="0.165" /><testcase classname="backend.tests.backend_test.TestTemplates" name="test_templates" time="0.047" /><testcase classname="backend.tests.backend_test.TestPlaybackAndSystems" name="test_start_returns_running" time="15.658" /><testcase classname="backend.tests.backend_test.TestPlaybackAndSystems" name="test_systems_list" time="0.051" /><testcase classname="backend.tests.backend_test.TestPlaybackAndSystems" name="test_get_system" time="0.049" /><testcase classname="backend.tests.backend_test.TestPlaybackAndSystems" name="test_system_state" time="0.052" /><testcase classname="backend.tests.backend_test.TestPlaybackAndSystems" name="test_system_history" time="5.086" /><testcase classname="backend.tests.backend_test.TestPlaybackAndSystems" name="test_system_decision" time="15.053" /><testcase classname="backend.tests.backend_test.TestPlaybackAndSystems" name="test_speed_toggle" time="0.154" /><testcase classname="backend.tests.backend_test.TestAudit" name="test_audit_has_auto_transition" time="5.247" /><testcase classname="backend.tests.backend_test.TestAudit" name="test_audit_create_manual" time="0.227" /><testcase classname="backend.tests.backend_test.TestAudit" name="test_audit_invalid_action" time="0.047" /><testcase classname="backend.tests.backend_test.TestAudit" name="test_audit_delete_scope" time="0.522"><failure message="assert 100 == 0">backend/tests/backend_test.py:184: in test_audit_delete_scope
    assert r2.json()["count"] == 0
E   assert 100 == 0</failure></testcase><testcase classname="backend.tests.backend_test.TestWS" name="test_ws_stream" time="0.277" /><testcase classname="backend.tests.backend_test.TestStop" name="test_stop" time="0.656" /></testsuite></testsuites>